  Source.cpp
C:\Users\gonza\OneDrive - CORVEN S A C I F\Progra\Curso C++ Quark\2-POO Elemental\3-Implementacion de Relaciones entre Clases\ImplAsociacionesClases\ImplAsociacionesClases\Source.cpp(1,9): warning C4067: símbolos (token) inesperados después de la directiva del preprocesador; se esperaba una nueva línea
C:\Users\gonza\OneDrive - CORVEN S A C I F\Progra\Curso C++ Quark\2-POO Elemental\3-Implementacion de Relaciones entre Clases\ImplAsociacionesClases\ImplAsociacionesClases\Source.cpp(2,9): warning C4067: símbolos (token) inesperados después de la directiva del preprocesador; se esperaba una nueva línea
C:\Users\gonza\OneDrive - CORVEN S A C I F\Progra\Curso C++ Quark\2-POO Elemental\3-Implementacion de Relaciones entre Clases\ImplAsociacionesClases\ImplAsociacionesClases\Source.cpp(3,9): warning C4067: símbolos (token) inesperados después de la directiva del preprocesador; se esperaba una nueva línea
C:\Users\gonza\OneDrive - CORVEN S A C I F\Progra\Curso C++ Quark\2-POO Elemental\3-Implementacion de Relaciones entre Clases\ImplAsociacionesClases\ImplAsociacionesClases\Source.cpp(21,10): error C2143: error de sintaxis: falta ';' delante de '*'
C:\Users\gonza\OneDrive - CORVEN S A C I F\Progra\Curso C++ Quark\2-POO Elemental\3-Implementacion de Relaciones entre Clases\ImplAsociacionesClases\ImplAsociacionesClases\Source.cpp(21,10): error C4430: falta el especificador de tipo; se presupone int. Nota: C++ no admite default-int
C:\Users\gonza\OneDrive - CORVEN S A C I F\Progra\Curso C++ Quark\2-POO Elemental\3-Implementacion de Relaciones entre Clases\ImplAsociacionesClases\ImplAsociacionesClases\Source.cpp(21,19): error C2238: símbolos (token) inesperados delante de ';'
C:\Users\gonza\OneDrive - CORVEN S A C I F\Progra\Curso C++ Quark\2-POO Elemental\3-Implementacion de Relaciones entre Clases\ImplAsociacionesClases\ImplAsociacionesClases\Source.cpp(27,10): error C2061: error de sintaxis: identificador 'Customer'
C:\Users\gonza\OneDrive - CORVEN S A C I F\Progra\Curso C++ Quark\2-POO Elemental\3-Implementacion de Relaciones entre Clases\ImplAsociacionesClases\ImplAsociacionesClases\Source.cpp(39,19): error C2061: error de sintaxis: identificador 'Customer'
C:\Users\gonza\OneDrive - CORVEN S A C I F\Progra\Curso C++ Quark\2-POO Elemental\3-Implementacion de Relaciones entre Clases\ImplAsociacionesClases\ImplAsociacionesClases\Source.cpp(40,10): error C2143: error de sintaxis: falta ';' delante de '*'
C:\Users\gonza\OneDrive - CORVEN S A C I F\Progra\Curso C++ Quark\2-POO Elemental\3-Implementacion de Relaciones entre Clases\ImplAsociacionesClases\ImplAsociacionesClases\Source.cpp(40,10): error C4430: falta el especificador de tipo; se presupone int. Nota: C++ no admite default-int
C:\Users\gonza\OneDrive - CORVEN S A C I F\Progra\Curso C++ Quark\2-POO Elemental\3-Implementacion de Relaciones entre Clases\ImplAsociacionesClases\ImplAsociacionesClases\Source.cpp(40,25): error C2238: símbolos (token) inesperados delante de ';'
C:\Users\gonza\OneDrive - CORVEN S A C I F\Progra\Curso C++ Quark\2-POO Elemental\3-Implementacion de Relaciones entre Clases\ImplAsociacionesClases\ImplAsociacionesClases\Source.cpp(45,10): error C7550: "Account::{ctor}": el nombre completo en este contexto denomina un constructor, no un tipo.
C:\Users\gonza\OneDrive - CORVEN S A C I F\Progra\Curso C++ Quark\2-POO Elemental\3-Implementacion de Relaciones entre Clases\ImplAsociacionesClases\ImplAsociacionesClases\Source.cpp(45,18): error C2065: 'Customer': identificador no declarado
C:\Users\gonza\OneDrive - CORVEN S A C I F\Progra\Curso C++ Quark\2-POO Elemental\3-Implementacion de Relaciones entre Clases\ImplAsociacionesClases\ImplAsociacionesClases\Source.cpp(45,28): error C2065: 'cliente': identificador no declarado
C:\Users\gonza\OneDrive - CORVEN S A C I F\Progra\Curso C++ Quark\2-POO Elemental\3-Implementacion de Relaciones entre Clases\ImplAsociacionesClases\ImplAsociacionesClases\Source.cpp(45,36): error C2275: 'std::string': uso no válido de este tipo como expresión
C:\Program Files (x86)\Microsoft Visual Studio\2019\Community\VC\Tools\MSVC\14.29.30133\include\xstring(4871): message : vea la declaración de 'std::string'
C:\Users\gonza\OneDrive - CORVEN S A C I F\Progra\Curso C++ Quark\2-POO Elemental\3-Implementacion de Relaciones entre Clases\ImplAsociacionesClases\ImplAsociacionesClases\Source.cpp(45,43): error C2146: error de sintaxis: falta ')' delante del identificador 'cuenta'
C:\Users\gonza\OneDrive - CORVEN S A C I F\Progra\Curso C++ Quark\2-POO Elemental\3-Implementacion de Relaciones entre Clases\ImplAsociacionesClases\ImplAsociacionesClases\Source.cpp(45,64): error C2143: error de sintaxis: falta ';' delante de '{'
C:\Users\gonza\OneDrive - CORVEN S A C I F\Progra\Curso C++ Quark\2-POO Elemental\3-Implementacion de Relaciones entre Clases\ImplAsociacionesClases\ImplAsociacionesClases\Source.cpp(45,64): error C2447: '{': falta el encabezado de función (¿lista formal de estilo anterior?)
C:\Users\gonza\OneDrive - CORVEN S A C I F\Progra\Curso C++ Quark\2-POO Elemental\3-Implementacion de Relaciones entre Clases\ImplAsociacionesClases\ImplAsociacionesClases\Source.cpp(61,35): error C2761: "void Account::setCustomer(void)": no se permite la nueva declaración del miembro
C:\Users\gonza\OneDrive - CORVEN S A C I F\Progra\Curso C++ Quark\2-POO Elemental\3-Implementacion de Relaciones entre Clases\ImplAsociacionesClases\ImplAsociacionesClases\Source.cpp(61,27): error C2065: 'Customer': identificador no declarado
C:\Users\gonza\OneDrive - CORVEN S A C I F\Progra\Curso C++ Quark\2-POO Elemental\3-Implementacion de Relaciones entre Clases\ImplAsociacionesClases\ImplAsociacionesClases\Source.cpp(61,37): error C2065: 'c': identificador no declarado
C:\Users\gonza\OneDrive - CORVEN S A C I F\Progra\Curso C++ Quark\2-POO Elemental\3-Implementacion de Relaciones entre Clases\ImplAsociacionesClases\ImplAsociacionesClases\Source.cpp(61,40): error C2143: error de sintaxis: falta ';' delante de '{'
C:\Users\gonza\OneDrive - CORVEN S A C I F\Progra\Curso C++ Quark\2-POO Elemental\3-Implementacion de Relaciones entre Clases\ImplAsociacionesClases\ImplAsociacionesClases\Source.cpp(61,40): error C2447: '{': falta el encabezado de función (¿lista formal de estilo anterior?)
C:\Users\gonza\OneDrive - CORVEN S A C I F\Progra\Curso C++ Quark\2-POO Elemental\3-Implementacion de Relaciones entre Clases\ImplAsociacionesClases\ImplAsociacionesClases\Source.cpp(65,9): error C2143: error de sintaxis: falta ';' delante de '*'
C:\Users\gonza\OneDrive - CORVEN S A C I F\Progra\Curso C++ Quark\2-POO Elemental\3-Implementacion de Relaciones entre Clases\ImplAsociacionesClases\ImplAsociacionesClases\Source.cpp(65,9): error C4430: falta el especificador de tipo; se presupone int. Nota: C++ no admite default-int
C:\Users\gonza\OneDrive - CORVEN S A C I F\Progra\Curso C++ Quark\2-POO Elemental\3-Implementacion de Relaciones entre Clases\ImplAsociacionesClases\ImplAsociacionesClases\Source.cpp(65,20): error C2039: "getCustomer": no es un miembro de "Account"
C:\Users\gonza\OneDrive - CORVEN S A C I F\Progra\Curso C++ Quark\2-POO Elemental\3-Implementacion de Relaciones entre Clases\ImplAsociacionesClases\ImplAsociacionesClases\Source.cpp(13): message : vea la declaración de 'Account'
C:\Users\gonza\OneDrive - CORVEN S A C I F\Progra\Curso C++ Quark\2-POO Elemental\3-Implementacion de Relaciones entre Clases\ImplAsociacionesClases\ImplAsociacionesClases\Source.cpp(65,34): error C4430: falta el especificador de tipo; se presupone int. Nota: C++ no admite default-int
C:\Users\gonza\OneDrive - CORVEN S A C I F\Progra\Curso C++ Quark\2-POO Elemental\3-Implementacion de Relaciones entre Clases\ImplAsociacionesClases\ImplAsociacionesClases\Source.cpp(65,34): error C2059: error de sintaxis: '{'
C:\Users\gonza\OneDrive - CORVEN S A C I F\Progra\Curso C++ Quark\2-POO Elemental\3-Implementacion de Relaciones entre Clases\ImplAsociacionesClases\ImplAsociacionesClases\Source.cpp(65,34): error C2143: error de sintaxis: falta ';' delante de '{'
C:\Users\gonza\OneDrive - CORVEN S A C I F\Progra\Curso C++ Quark\2-POO Elemental\3-Implementacion de Relaciones entre Clases\ImplAsociacionesClases\ImplAsociacionesClases\Source.cpp(65,34): error C2447: '{': falta el encabezado de función (¿lista formal de estilo anterior?)
